[debug] [2022-01-17T04:32:51.445Z] ----------------------------------------------------------------------
[debug] [2022-01-17T04:32:51.447Z] Command:       C:\Program Files\nodejs\node.exe C:\Users\Max\AppData\Roaming\npm\node_modules\firebase-tools\lib\bin\firebase.js init hosting
[debug] [2022-01-17T04:32:51.447Z] CLI Version:   10.1.0
[debug] [2022-01-17T04:32:51.447Z] Platform:      win32
[debug] [2022-01-17T04:32:51.447Z] Node Version:  v16.10.0
[debug] [2022-01-17T04:32:51.456Z] Time:          Sun Jan 16 2022 20:32:51 GMT-0800 (Pacific Standard Time)
[debug] [2022-01-17T04:32:51.456Z] ----------------------------------------------------------------------
[debug] 
[debug] [2022-01-17T04:32:51.495Z] > command requires scopes: ["email","openid","https://www.googleapis.com/auth/cloudplatformprojects.readonly","https://www.googleapis.com/auth/firebase","https://www.googleapis.com/auth/cloud-platform"]
[debug] [2022-01-17T04:32:51.495Z] > authorizing via signed-in user (jj9710@uw.edu)
[info] 
     ######## #### ########  ######## ########     ###     ######  ########
     ##        ##  ##     ## ##       ##     ##  ##   ##  ##       ##
     ######    ##  ########  ######   ########  #########  ######  ######
     ##        ##  ##    ##  ##       ##     ## ##     ##       ## ##
     ##       #### ##     ## ######## ########  ##     ##  ######  ########

You're about to initialize a Firebase project in this directory:

  E:\EECS\NOMR\nomr

Before we get started, keep in mind:

  * You are initializing within an existing Firebase project directory

[info] 
=== Project Setup
[info] 
[info] First, let's associate this project directory with a Firebase project.
[info] You can create multiple project aliases by running firebase use --add, 
[info] but for now we'll just set up a default project.
[info] 
[debug] [2022-01-17T04:32:53.133Z] Using project from CLI flag: nomr-init-app
[debug] [2022-01-17T04:32:53.136Z] > refreshing access token with scopes: []
[debug] [2022-01-17T04:32:53.137Z] >>> HTTP REQUEST POST https://www.googleapis.com/oauth2/v3/token  
 <request body omitted>
[debug] [2022-01-17T04:32:53.274Z] <<< HTTP RESPONSE 200 {"pragma":"no-cache","date":"Mon, 17 Jan 2022 04:32:53 GMT","expires":"Mon, 01 Jan 1990 00:00:00 GMT","cache-control":"no-cache, no-store, max-age=0, must-revalidate","content-type":"application/json; charset=utf-8","vary":"X-Origin, Referer, Origin,Accept-Encoding","server":"scaffolding on HTTPServer2","x-xss-protection":"0","x-frame-options":"SAMEORIGIN","x-content-type-options":"nosniff","alt-svc":"h3=\":443\"; ma=2592000,h3-29=\":443\"; ma=2592000,h3-Q050=\":443\"; ma=2592000,h3-Q046=\":443\"; ma=2592000,h3-Q043=\":443\"; ma=2592000,quic=\":443\"; ma=2592000; v=\"46,43\"","accept-ranges":"none","transfer-encoding":"chunked"}
[debug] [2022-01-17T04:32:53.281Z] >>> [apiv2][query] GET https://firebase.googleapis.com/v1beta1/projects/nomr-init-app [none]
[debug] [2022-01-17T04:32:53.494Z] <<< [apiv2][status] GET https://firebase.googleapis.com/v1beta1/projects/nomr-init-app 200
[debug] [2022-01-17T04:32:53.494Z] <<< [apiv2][body] GET https://firebase.googleapis.com/v1beta1/projects/nomr-init-app {"projectId":"nomr-init-app","projectNumber":"756345535830","displayName":"nomr-init-app","name":"projects/nomr-init-app","resources":{"hostingSite":"nomr-init-app"},"state":"ACTIVE"}
[info] i  Using project nomr-init-app (nomr-init-app) 
[info] 
=== Hosting Setup
[info] 
[info] Your public directory is the folder (relative to your project directory) that
[info] will contain Hosting assets to be uploaded with firebase deploy. If you
[info] have a build process for your assets, use your build's output directory.
[info] 
[debug] [2022-01-17T04:33:06.861Z] >>> [apiv2][query] GET https://www.gstatic.com/firebasejs/releases.json [none]
[debug] [2022-01-17T04:33:06.918Z] <<< [apiv2][status] GET https://www.gstatic.com/firebasejs/releases.json 200
[debug] [2022-01-17T04:33:06.918Z] <<< [apiv2][body] GET https://www.gstatic.com/firebasejs/releases.json {"current":{"version":"9.6.3","browserURL":"https://www.gstatic.com/firebasejs/9.6.3/firebase.js","packageURL":"https://www.gstatic.com/firebasejs/9.6.3/firebase.tgz"},"live":{"version":"9.6","browserURL":"https://www.gstatic.com/firebasejs/live/9.6/firebase.js","packageURL":"https://www.gstatic.com/firebasejs/live/9.6/firebase.tgz"},"components":{"analytics":"https://www.gstatic.com/firebasejs/9.6.3/firebase-analytics.js","app":"https://www.gstatic.com/firebasejs/9.6.3/firebase-app.js","app-check":"https://www.gstatic.com/firebasejs/9.6.3/firebase-app-check.js","auth":"https://www.gstatic.com/firebasejs/9.6.3/firebase-auth.js","auth/cordova":"https://www.gstatic.com/firebasejs/9.6.3/firebase-auth/cordova.js","auth/react-native":"https://www.gstatic.com/firebasejs/9.6.3/firebase-auth/react-native.js","functions":"https://www.gstatic.com/firebasejs/9.6.3/firebase-functions.js","firestore":"https://www.gstatic.com/firebasejs/9.6.3/firebase-firestore.js","firestore/lite":"https://www.gstatic.com/firebasejs/9.6.3/firebase-firestore/lite.js","storage":"https://www.gstatic.com/firebasejs/9.6.3/firebase-storage.js","performance":"https://www.gstatic.com/firebasejs/9.6.3/firebase-performance.js","remote-config":"https://www.gstatic.com/firebasejs/9.6.3/firebase-remote-config.js","messaging":"https://www.gstatic.com/firebasejs/9.6.3/firebase-messaging.js","messaging/sw":"https://www.gstatic.com/firebasejs/9.6.3/firebase-messaging/sw.js","database":"https://www.gstatic.com/firebasejs/9.6.3/firebase-database.js","firestore.memory":"https://www.gstatic.com/firebasejs/9.6.3/firebase-firestore.memory.js"}}
[info] i  Skipping write of build/index.html 
[info] 
[info] i  Detected a .git folder at E:\EECS\NOMR\nomr 
[info] i  Authorizing with GitHub to upload your service account to a GitHub repository's secrets store. 
[info] 
[info] Visit this URL on this device to log in:
[info] https://github.com/login/oauth/authorize?client_id=89cf50f02ac6aaed3484&state=872657268&redirect_uri=http%3A%2F%2Flocalhost%3A9005&scope=read%3Auser%20repo%20public_repo
[info] 
[info] Waiting for authentication...
[debug] [2022-01-17T04:34:11.725Z] >>> HTTP REQUEST POST https://github.com/login/oauth/access_token  
 {"client_id":"89cf50f02ac6aaed3484","client_secret":"3330d14abc895d9a74d5f17cd7a00711fa2c5bf0","code":"706f471fc648ec1ac385","redirect_uri":"http://localhost:9005","state":"872657268"}
[debug] [2022-01-17T04:34:12.186Z] <<< HTTP RESPONSE 200 {"server":"GitHub.com","date":"Mon, 17 Jan 2022 04:34:12 GMT","content-type":"application/json; charset=utf-8","transfer-encoding":"chunked","vary":"X-PJAX, X-PJAX-Container, Accept-Encoding, Accept, X-Requested-With","permissions-policy":"interest-cohort=()","etag":"W/\"6790fb5c0dba35629dbab902bf7ac21b\"","cache-control":"max-age=0, private, must-revalidate","strict-transport-security":"max-age=31536000; includeSubdomains; preload","x-frame-options":"deny","x-content-type-options":"nosniff","x-xss-protection":"0","referrer-policy":"origin-when-cross-origin, strict-origin-when-cross-origin","expect-ct":"max-age=2592000, report-uri=\"https://api.github.com/_private/browser/errors\"","content-security-policy":"default-src 'none'; base-uri 'self'; block-all-mixed-content; child-src github.com/assets-cdn/worker/ gist.github.com/assets-cdn/worker/; connect-src 'self' uploads.github.com objects-origin.githubusercontent.com www.githubstatus.com collector.githubapp.com api.github.com github-cloud.s3.amazonaws.com github-production-repository-file-5c1aeb.s3.amazonaws.com github-production-upload-manifest-file-7fdce7.s3.amazonaws.com github-production-user-asset-6210df.s3.amazonaws.com cdn.optimizely.com logx.optimizely.com/v1/events translator.github.com wss://alive.github.com; font-src github.githubassets.com; form-action 'self' github.com gist.github.com objects-origin.githubusercontent.com; frame-ancestors 'none'; frame-src render.githubusercontent.com viewscreen.githubusercontent.com notebooks.githubusercontent.com; img-src 'self' data: github.githubassets.com identicons.github.com collector.githubapp.com github-cloud.s3.amazonaws.com secured-user-images.githubusercontent.com/ *.githubusercontent.com; manifest-src 'self'; media-src github.com user-images.githubusercontent.com/; script-src github.githubassets.com; style-src 'unsafe-inline' github.githubassets.com; worker-src github.com/assets-cdn/worker/ gist.github.com/assets-cdn/worker/","x-github-request-id":"FE3B:78A5:679730:C5FA64:61E4F1C3"}
[debug] [2022-01-17T04:34:12.189Z] >>> [apiv2][query] GET https://api.github.com/user [none]
[debug] [2022-01-17T04:34:12.557Z] <<< [apiv2][status] GET https://api.github.com/user 200
[debug] [2022-01-17T04:34:12.558Z] <<< [apiv2][body] GET https://api.github.com/user {"login":"maxjj9710","id":26780636,"node_id":"MDQ6VXNlcjI2NzgwNjM2","avatar_url":"https://avatars.githubusercontent.com/u/26780636?v=4","gravatar_id":"","url":"https://api.github.com/users/maxjj9710","html_url":"https://github.com/maxjj9710","followers_url":"https://api.github.com/users/maxjj9710/followers","following_url":"https://api.github.com/users/maxjj9710/following{/other_user}","gists_url":"https://api.github.com/users/maxjj9710/gists{/gist_id}","starred_url":"https://api.github.com/users/maxjj9710/starred{/owner}{/repo}","subscriptions_url":"https://api.github.com/users/maxjj9710/subscriptions","organizations_url":"https://api.github.com/users/maxjj9710/orgs","repos_url":"https://api.github.com/users/maxjj9710/repos","events_url":"https://api.github.com/users/maxjj9710/events{/privacy}","received_events_url":"https://api.github.com/users/maxjj9710/received_events","type":"User","site_admin":false,"name":"jj9710","company":null,"blog":"","location":null,"email":null,"hireable":null,"bio":null,"twitter_username":null,"public_repos":5,"public_gists":0,"followers":0,"following":0,"created_at":"2017-03-30T00:43:52Z","updated_at":"2021-10-11T23:14:46Z","private_gists":0,"total_private_repos":0,"owned_private_repos":0,"disk_usage":4673,"collaborators":0,"two_factor_authentication":false,"plan":{"name":"free","space":976562499,"collaborators":0,"private_repos":10000}}
[info] 
[info] +  Success! Logged into GitHub as maxjj9710 
[info] 
[debug] [2022-01-17T04:34:46.150Z] >>> [apiv2][query] GET https://api.github.com/repos/Novel-Observations-in-Mixed-Reality/web-app-react/actions/secrets/public-key type=owner
[debug] [2022-01-17T04:34:46.597Z] <<< [apiv2][status] GET https://api.github.com/repos/Novel-Observations-in-Mixed-Reality/web-app-react/actions/secrets/public-key 403
[debug] [2022-01-17T04:34:46.597Z] <<< [apiv2][body] GET https://api.github.com/repos/Novel-Observations-in-Mixed-Reality/web-app-react/actions/secrets/public-key {"message":"Must have admin rights to Repository.","documentation_url":"https://docs.github.com/rest/reference/actions#get-a-repository-public-key"}
[info] 
[info] 
[error] !  The provided authorization cannot be used with this repository. If this repository is in an organization, did you remember to grant access? 
[info] 
[info] i  Action required: Visit this URL to ensure access has been granted to the appropriate organization(s) for the Firebase CLI GitHub OAuth App: 
[info] https://github.com/settings/connections/applications/89cf50f02ac6aaed3484
[info] 
[debug] [2022-01-17T04:44:58.003Z] >>> [apiv2][query] GET https://api.github.com/repos//actions/secrets/public-key type=owner
[debug] [2022-01-17T04:44:58.166Z] <<< [apiv2][status] GET https://api.github.com/repos//actions/secrets/public-key 404
[debug] [2022-01-17T04:44:58.166Z] <<< [apiv2][body] GET https://api.github.com/repos//actions/secrets/public-key {"message":"Not Found","documentation_url":"https://docs.github.com/rest"}
